<?xml version="1.0" encoding="UTF-8"?>
<!-- Generated by org.testng.reporters.JUnitReportReporter -->
<testsuite hostname="DESKTOP-M7LL3OH" failures="0" tests="1" name="Tests.Start_Your_Trial_Test" time="13.427" errors="0" timestamp="13 Mar 2023 15:11:42 GMT" skipped="0">
  <testcase classname="Tests.Start_Your_Trial_Test" name="UserCanChooseTheClassicTrial" time="13.427"/>
</testsuite> <!-- Tests.Start_Your_Trial_Test -->
