<?xml version="1.0" encoding="UTF-8"?>
<!-- Generated by org.testng.reporters.JUnitReportReporter -->
<testsuite hostname="DESKTOP-M7LL3OH" failures="0" tests="1" name="Tests.Third_Country_Test" time="18.303" errors="0" timestamp="13 Mar 2023 17:08:03 GMT" skipped="0">
  <testcase classname="Tests.Third_Country_Test" name="UserCanChangeTheCountry" time="18.303"/>
</testsuite> <!-- Tests.Third_Country_Test -->
