<?xml version="1.0" encoding="UTF-8"?>
<!-- Generated by org.testng.reporters.JUnitReportReporter -->
<testsuite hostname="DESKTOP-M7LL3OH" failures="0" tests="1" name="Tests.Second_Country_Test" time="21.120" errors="0" timestamp="13 Mar 2023 16:56:53 GMT" skipped="0">
  <testcase classname="Tests.Second_Country_Test" name="UserCanChangeTheCountry" time="21.120"/>
</testsuite> <!-- Tests.Second_Country_Test -->
